mode: count
github.com/itp/main.go:22.13,55.24 23 0
github.com/itp/main.go:56.13,64.5 1 0
github.com/itp/main.go:65.14,72.17 2 0
github.com/itp/main.go:72.17,74.4 1 0
github.com/itp/main.go:75.3,75.12 1 0
github.com/itp/main.go:76.10,77.67 1 0
github.com/itp/main.go:81.2,81.25 1 0
github.com/itp/main.go:81.25,84.10 2 0
github.com/itp/main.go:84.10,86.4 1 0
github.com/itp/main.go:89.3,90.20 2 0
github.com/itp/main.go:90.20,92.18 2 0
github.com/itp/main.go:92.18,94.5 1 0
github.com/itp/main.go:95.4,96.20 2 0
github.com/itp/main.go:96.20,98.5 1 0
github.com/itp/main.go:99.4,100.18 2 0
github.com/itp/main.go:100.18,102.5 1 0
github.com/itp/main.go:103.9,105.4 1 0
github.com/itp/main.go:108.3,108.44 1 0
github.com/itp/main.go:108.44,113.63 2 0
github.com/itp/main.go:113.63,115.5 1 0
github.com/itp/main.go:119.3,120.17 2 0
github.com/itp/main.go:120.17,122.4 1 0
github.com/itp/main.go:123.3,123.20 1 0
github.com/itp/main.go:124.8,128.17 3 0
github.com/itp/main.go:128.17,130.4 1 0
github.com/itp/main.go:131.3,131.21 1 0
github.com/itp/main.go:135.2,140.27 2 0
github.com/itp/main.go:140.27,143.20 2 0
github.com/itp/main.go:143.20,146.18 2 0
github.com/itp/main.go:146.18,148.5 1 0
github.com/itp/main.go:149.4,150.46 2 0
github.com/itp/main.go:150.46,152.5 1 0
github.com/itp/main.go:153.4,153.36 1 0
github.com/itp/main.go:158.2,161.21 2 0
github.com/itp/main.go:161.21,164.17 2 0
github.com/itp/main.go:164.17,166.4 1 0
github.com/itp/main.go:168.3,169.53 2 0
github.com/itp/main.go:169.53,171.4 1 0
github.com/itp/main.go:172.3,176.74 3 0
github.com/itp/main.go:180.2,180.19 1 0
github.com/itp/main.go:180.19,182.3 1 0
github.com/itp/main.go:185.2,185.26 1 0
github.com/itp/main.go:185.26,187.3 1 0
github.com/itp/main.go:190.2,206.16 11 0
github.com/itp/main.go:206.16,208.3 1 0
github.com/itp/main.go:209.2,214.6 4 0
github.com/itp/main.go:214.6,216.17 2 0
github.com/itp/main.go:216.17,218.12 2 0
github.com/itp/main.go:220.3,220.30 1 0
github.com/itp/main.go:225.66,226.20 1 0
github.com/itp/main.go:226.20,228.3 1 0
github.com/itp/main.go:230.2,230.55 1 0
github.com/itp/main.go:230.55,232.22 2 0
github.com/itp/main.go:232.22,234.4 1 0
github.com/itp/main.go:234.9,236.4 1 0
github.com/itp/main.go:240.49,241.51 1 0
github.com/itp/main.go:241.51,243.22 2 0
github.com/itp/main.go:243.22,245.4 1 0
github.com/itp/main.go:245.9,247.4 1 0
github.com/itp/main.go:251.58,252.55 1 0
github.com/itp/main.go:252.55,254.22 2 0
github.com/itp/main.go:254.22,256.4 1 0
github.com/itp/main.go:260.35,263.2 2 0
github.com/itp/pkg/router/router.go:19.37,25.2 1 8
github.com/itp/pkg/router/router.go:28.53,31.2 2 5
github.com/itp/pkg/router/router.go:34.72,36.50 1 4
github.com/itp/pkg/router/router.go:36.50,38.3 1 1
github.com/itp/pkg/router/router.go:41.2,41.48 1 3
github.com/itp/pkg/router/router.go:41.48,43.45 1 2
github.com/itp/pkg/router/router.go:43.45,45.4 1 1
github.com/itp/pkg/router/router.go:46.3,46.19 1 1
github.com/itp/pkg/router/router.go:50.2,50.45 1 1
github.com/itp/pkg/router/router.go:50.45,51.44 1 1
github.com/itp/pkg/router/router.go:51.44,53.46 1 1
github.com/itp/pkg/router/router.go:53.46,55.5 1 0
github.com/itp/pkg/router/router.go:56.4,56.20 1 1
github.com/itp/pkg/router/router.go:61.2,61.14 1 0
github.com/itp/pkg/router/router.go:61.14,64.17 2 0
github.com/itp/pkg/router/router.go:64.17,68.4 2 0
github.com/itp/pkg/router/router.go:70.3,71.17 2 0
github.com/itp/pkg/router/router.go:71.17,73.4 1 0
github.com/itp/pkg/router/router.go:74.3,74.22 1 0
github.com/itp/pkg/router/router.go:74.22,76.4 1 0
github.com/itp/pkg/router/router.go:78.3,78.47 1 0
github.com/itp/pkg/router/router.go:81.2,81.60 1 0
github.com/itp/pkg/router/router.go:85.51,87.2 1 3
github.com/itp/pkg/router/router.go:90.56,92.2 1 2
github.com/itp/pkg/echo/server.go:46.54,51.2 1 1
github.com/itp/pkg/echo/server.go:54.43,61.16 3 0
github.com/itp/pkg/echo/server.go:61.16,63.3 1 0
github.com/itp/pkg/echo/server.go:64.2,67.12 3 0
github.com/itp/pkg/echo/server.go:71.31,72.23 1 0
github.com/itp/pkg/echo/server.go:72.23,74.3 1 0
github.com/itp/pkg/echo/server.go:75.2,75.12 1 0
github.com/itp/pkg/echo/server.go:78.26,79.6 1 0
github.com/itp/pkg/echo/server.go:79.6,81.17 2 0
github.com/itp/pkg/echo/server.go:81.17,82.55 1 0
github.com/itp/pkg/echo/server.go:82.55,84.13 2 0
github.com/itp/pkg/echo/server.go:86.4,87.10 2 0
github.com/itp/pkg/echo/server.go:89.3,89.30 1 0
github.com/itp/pkg/echo/server.go:93.39,94.13 1 5
github.com/itp/pkg/echo/server.go:95.24,96.19 1 1
github.com/itp/pkg/echo/server.go:97.24,98.19 1 1
github.com/itp/pkg/echo/server.go:99.24,100.19 1 1
github.com/itp/pkg/echo/server.go:101.24,102.19 1 1
github.com/itp/pkg/echo/server.go:103.10,104.19 1 1
github.com/itp/pkg/echo/server.go:108.43,109.43 1 2
github.com/itp/pkg/echo/server.go:109.43,110.21 1 23
github.com/itp/pkg/echo/server.go:110.21,112.4 1 1
github.com/itp/pkg/echo/server.go:114.2,114.18 1 1
github.com/itp/pkg/echo/server.go:117.50,121.9 3 0
github.com/itp/pkg/echo/server.go:121.9,124.3 2 0
github.com/itp/pkg/echo/server.go:127.2,127.44 1 0
github.com/itp/pkg/echo/server.go:127.44,130.3 2 0
github.com/itp/pkg/echo/server.go:132.2,149.37 3 0
github.com/itp/pkg/echo/server.go:149.37,156.3 6 0
github.com/itp/pkg/echo/server.go:159.2,161.45 3 0
github.com/itp/pkg/echo/server.go:161.45,164.3 2 0
github.com/itp/pkg/identity/translator.go:36.46,46.2 1 4
github.com/itp/pkg/identity/translator.go:49.64,50.15 1 8
github.com/itp/pkg/identity/translator.go:51.21,52.26 1 2
github.com/itp/pkg/identity/translator.go:53.22,54.27 1 2
github.com/itp/pkg/identity/translator.go:55.27,56.26 1 1
github.com/itp/pkg/identity/translator.go:57.18,58.27 1 1
github.com/itp/pkg/identity/translator.go:59.17,60.31 1 1
github.com/itp/pkg/identity/translator.go:61.15,62.29 1 1
github.com/itp/pkg/identity/translator.go:67.84,70.25 2 1
github.com/itp/pkg/identity/translator.go:70.25,72.3 1 1
github.com/itp/pkg/identity/translator.go:75.2,75.15 1 0
github.com/itp/pkg/identity/translator.go:75.15,77.3 1 0
github.com/itp/pkg/identity/translator.go:79.2,79.70 1 0
github.com/itp/pkg/identity/translator.go:83.78,88.57 3 1
github.com/itp/pkg/identity/translator.go:88.57,91.3 2 1
github.com/itp/pkg/identity/translator.go:94.2,94.48 1 1
github.com/itp/pkg/identity/translator.go:94.48,95.46 1 1
github.com/itp/pkg/identity/translator.go:95.46,98.4 2 1
github.com/itp/pkg/identity/translator.go:102.2,102.53 1 1
github.com/itp/pkg/identity/translator.go:102.53,103.43 1 0
github.com/itp/pkg/identity/translator.go:103.43,106.4 2 0
github.com/itp/pkg/identity/translator.go:110.2,110.44 1 1
github.com/itp/pkg/identity/translator.go:110.44,111.46 1 0
github.com/itp/pkg/identity/translator.go:111.46,114.4 2 0
github.com/itp/pkg/identity/translator.go:118.2,118.47 1 1
github.com/itp/pkg/identity/translator.go:118.47,119.58 1 1
github.com/itp/pkg/identity/translator.go:119.58,122.4 2 0
github.com/itp/pkg/identity/translator.go:122.9,122.23 1 1
github.com/itp/pkg/identity/translator.go:122.23,124.4 1 1
github.com/itp/pkg/identity/translator.go:128.2,128.46 1 1
github.com/itp/pkg/identity/translator.go:128.46,129.52 1 0
github.com/itp/pkg/identity/translator.go:129.52,132.4 2 0
github.com/itp/pkg/identity/translator.go:132.9,132.23 1 0
github.com/itp/pkg/identity/translator.go:132.23,134.4 1 0
github.com/itp/pkg/identity/translator.go:137.2,137.18 1 1
github.com/itp/pkg/identity/translator.go:137.18,139.3 1 0
github.com/itp/pkg/identity/translator.go:142.2,142.15 1 1
github.com/itp/pkg/identity/translator.go:142.15,143.32 1 1
github.com/itp/pkg/identity/translator.go:143.32,145.4 1 0
github.com/itp/pkg/identity/translator.go:146.3,146.38 1 1
github.com/itp/pkg/identity/translator.go:146.38,148.4 1 0
github.com/itp/pkg/identity/translator.go:149.3,149.42 1 1
github.com/itp/pkg/identity/translator.go:149.42,151.4 1 1
github.com/itp/pkg/identity/translator.go:152.3,152.34 1 1
github.com/itp/pkg/identity/translator.go:152.34,154.4 1 1
github.com/itp/pkg/identity/translator.go:155.3,155.33 1 1
github.com/itp/pkg/identity/translator.go:155.33,157.4 1 0
github.com/itp/pkg/identity/translator.go:158.3,158.31 1 1
github.com/itp/pkg/identity/translator.go:158.31,160.4 1 1
github.com/itp/pkg/identity/translator.go:163.2,163.29 1 1
github.com/itp/pkg/identity/translator.go:167.75,168.26 1 1
github.com/itp/pkg/identity/translator.go:168.26,170.3 1 0
github.com/itp/pkg/identity/translator.go:172.2,175.31 3 1
github.com/itp/pkg/identity/translator.go:175.31,177.3 1 1
github.com/itp/pkg/identity/translator.go:179.2,179.44 1 1
github.com/itp/pkg/identity/translator.go:179.44,180.20 1 1
github.com/itp/pkg/identity/translator.go:180.20,182.4 1 1
github.com/itp/pkg/identity/translator.go:183.3,183.38 1 1
github.com/itp/pkg/identity/translator.go:186.2,186.47 1 1
github.com/itp/pkg/identity/translator.go:186.47,187.20 1 1
github.com/itp/pkg/identity/translator.go:187.20,189.4 1 1
github.com/itp/pkg/identity/translator.go:190.3,190.38 1 1
github.com/itp/pkg/identity/translator.go:193.2,193.40 1 1
github.com/itp/pkg/identity/translator.go:193.40,194.20 1 1
github.com/itp/pkg/identity/translator.go:194.20,196.4 1 1
github.com/itp/pkg/identity/translator.go:197.3,197.38 1 1
github.com/itp/pkg/identity/translator.go:200.2,200.43 1 1
github.com/itp/pkg/identity/translator.go:200.43,201.20 1 1
github.com/itp/pkg/identity/translator.go:201.20,203.4 1 1
github.com/itp/pkg/identity/translator.go:204.3,204.42 1 1
github.com/itp/pkg/identity/translator.go:207.2,207.39 1 1
github.com/itp/pkg/identity/translator.go:207.39,208.20 1 1
github.com/itp/pkg/identity/translator.go:208.20,210.4 1 1
github.com/itp/pkg/identity/translator.go:211.3,211.41 1 1
github.com/itp/pkg/identity/translator.go:214.2,214.16 1 1
github.com/itp/pkg/certstore/generated.go:43.72,48.45 4 0
github.com/itp/pkg/certstore/generated.go:48.45,51.3 2 0
github.com/itp/pkg/certstore/generated.go:51.8,54.17 2 0
github.com/itp/pkg/certstore/generated.go:54.17,56.4 1 0
github.com/itp/pkg/certstore/generated.go:59.3,72.17 3 0
github.com/itp/pkg/certstore/generated.go:72.17,74.4 1 0
github.com/itp/pkg/certstore/generated.go:76.3,77.17 2 0
github.com/itp/pkg/certstore/generated.go:77.17,79.4 1 0
github.com/itp/pkg/certstore/generated.go:82.2,91.8 1 0
github.com/itp/pkg/certstore/generated.go:95.63,97.2 1 0
github.com/itp/pkg/certstore/generated.go:100.60,102.2 1 0
github.com/itp/pkg/certstore/generated.go:104.91,107.16 2 0
github.com/itp/pkg/certstore/generated.go:107.16,109.3 1 0
github.com/itp/pkg/certstore/generated.go:112.2,114.16 3 0
github.com/itp/pkg/certstore/generated.go:114.16,116.3 1 0
github.com/itp/pkg/certstore/generated.go:118.2,132.39 3 0
github.com/itp/pkg/certstore/generated.go:132.39,135.17 3 0
github.com/itp/pkg/certstore/generated.go:135.17,138.4 1 0
github.com/itp/pkg/certstore/generated.go:142.2,142.40 1 0
github.com/itp/pkg/certstore/generated.go:142.40,146.3 2 0
github.com/itp/pkg/certstore/generated.go:146.8,148.3 1 0
github.com/itp/pkg/certstore/generated.go:151.2,151.65 1 0
github.com/itp/pkg/certstore/generated.go:151.65,157.3 2 0
github.com/itp/pkg/certstore/generated.go:160.2,161.16 2 0
github.com/itp/pkg/certstore/generated.go:161.16,163.3 1 0
github.com/itp/pkg/certstore/generated.go:165.2,171.18 2 0
github.com/itp/pkg/certstore/generated.go:174.107,176.43 2 0
github.com/itp/pkg/certstore/generated.go:176.43,177.46 1 0
github.com/itp/pkg/certstore/generated.go:177.46,180.4 2 0
github.com/itp/pkg/certstore/generated.go:182.2,188.49 5 0
github.com/itp/pkg/certstore/generated.go:188.49,190.3 1 0
github.com/itp/pkg/certstore/generated.go:192.2,197.49 4 0
github.com/itp/pkg/certstore/generated.go:197.49,199.3 1 0
github.com/itp/pkg/certstore/generated.go:202.2,203.16 2 0
github.com/itp/pkg/certstore/generated.go:203.16,205.3 1 0
github.com/itp/pkg/certstore/generated.go:207.2,211.18 5 0
github.com/itp/pkg/certstore/generated.go:214.110,222.2 7 0
github.com/itp/pkg/certstore/generated.go:224.90,232.2 7 0
github.com/itp/pkg/certstore/generated.go:234.106,236.16 2 0
github.com/itp/pkg/certstore/generated.go:236.16,238.3 1 0
github.com/itp/pkg/certstore/generated.go:239.2,239.32 1 0
github.com/itp/pkg/certstore/k8s.go:33.45,40.2 1 0
github.com/itp/pkg/certstore/k8s.go:42.101,45.43 2 0
github.com/itp/pkg/certstore/k8s.go:45.43,46.42 1 0
github.com/itp/pkg/certstore/k8s.go:46.42,49.4 2 0
github.com/itp/pkg/certstore/k8s.go:51.2,55.16 3 0
github.com/itp/pkg/certstore/k8s.go:55.16,57.3 1 0
github.com/itp/pkg/certstore/k8s.go:59.2,60.16 2 0
github.com/itp/pkg/certstore/k8s.go:60.16,62.3 1 0
github.com/itp/pkg/certstore/k8s.go:65.2,72.18 4 0
github.com/itp/pkg/certstore/k8s.go:75.104,78.2 1 0
github.com/itp/pkg/certstore/k8s.go:80.84,85.2 4 0
github.com/itp/pkg/certstore/k8s.go:87.100,89.16 2 0
github.com/itp/pkg/certstore/k8s.go:89.16,91.3 1 0
github.com/itp/pkg/certstore/k8s.go:92.2,92.32 1 0
github.com/itp/pkg/certstore/k8s.go:95.84,97.9 2 0
github.com/itp/pkg/certstore/k8s.go:97.9,99.3 1 0
github.com/itp/pkg/certstore/k8s.go:101.2,102.9 2 0
github.com/itp/pkg/certstore/k8s.go:102.9,104.3 1 0
github.com/itp/pkg/certstore/k8s.go:106.2,107.16 2 0
github.com/itp/pkg/certstore/k8s.go:107.16,109.3 1 0
github.com/itp/pkg/certstore/k8s.go:111.2,111.19 1 0
github.com/itp/pkg/proxy/proxy.go:26.120,33.2 1 1
github.com/itp/pkg/proxy/proxy.go:36.53,39.16 2 5
github.com/itp/pkg/proxy/proxy.go:39.16,41.3 1 0
github.com/itp/pkg/proxy/proxy.go:44.2,44.79 1 5
github.com/itp/pkg/proxy/proxy.go:44.79,46.3 1 4
github.com/itp/pkg/proxy/proxy.go:49.2,49.13 1 1
github.com/itp/pkg/proxy/proxy.go:53.49,57.9 3 0
github.com/itp/pkg/proxy/proxy.go:57.9,60.3 2 0
github.com/itp/pkg/proxy/proxy.go:63.2,65.76 2 0
github.com/itp/pkg/proxy/proxy.go:65.76,68.4 2 0
github.com/itp/pkg/proxy/proxy.go:70.2,73.44 2 0
github.com/itp/pkg/proxy/proxy.go:73.44,74.16 1 0
github.com/itp/pkg/proxy/proxy.go:74.16,77.4 1 0
github.com/itp/pkg/proxy/proxy.go:77.9,80.4 1 0
github.com/itp/pkg/proxy/proxy.go:81.3,81.9 1 0
github.com/itp/pkg/proxy/proxy.go:84.2,85.30 2 0
github.com/itp/pkg/proxy/proxy.go:85.30,89.3 2 0
github.com/itp/pkg/proxy/proxy.go:92.2,92.28 1 0
github.com/itp/pkg/proxy/proxy.go:92.28,95.3 2 0
github.com/itp/pkg/proxy/proxy.go:98.2,99.25 2 0
github.com/itp/pkg/proxy/proxy.go:99.25,101.39 1 0
github.com/itp/pkg/proxy/proxy.go:101.39,105.4 2 0
github.com/itp/pkg/proxy/proxy.go:106.3,108.42 2 0
github.com/itp/pkg/proxy/proxy.go:109.8,111.74 1 0
github.com/itp/pkg/proxy/proxy.go:111.74,115.4 2 0
github.com/itp/pkg/proxy/proxy.go:116.3,118.42 2 0
github.com/itp/pkg/proxy/proxy.go:122.2,123.16 2 0
github.com/itp/pkg/proxy/proxy.go:123.16,126.3 2 0
github.com/itp/pkg/proxy/proxy.go:129.2,130.16 2 0
github.com/itp/pkg/proxy/proxy.go:130.16,133.3 2 0
github.com/itp/pkg/proxy/proxy.go:136.2,137.87 2 0
github.com/itp/pkg/proxy/proxy.go:137.87,141.17 3 0
github.com/itp/pkg/proxy/proxy.go:141.17,144.4 2 0
github.com/itp/pkg/proxy/proxy.go:145.3,145.62 1 0
github.com/itp/pkg/proxy/proxy.go:146.8,148.17 2 0
github.com/itp/pkg/proxy/proxy.go:148.17,151.4 2 0
github.com/itp/pkg/proxy/proxy.go:155.2,165.65 4 0
github.com/itp/pkg/proxy/proxy.go:165.65,169.3 3 0
github.com/itp/pkg/proxy/proxy.go:172.2,173.16 2 0
github.com/itp/pkg/proxy/proxy.go:173.16,176.3 2 0
github.com/itp/pkg/proxy/proxy.go:177.2,181.12 3 0
github.com/itp/pkg/proxy/proxy.go:181.12,184.3 2 0
github.com/itp/pkg/proxy/proxy.go:185.2,185.12 1 0
github.com/itp/pkg/proxy/proxy.go:185.12,188.3 2 0
github.com/itp/pkg/proxy/proxy.go:191.2,193.53 2 0
github.com/itp/pkg/proxy/proxy.go:193.53,195.3 1 0
github.com/itp/pkg/tls/config.go:17.55,19.16 2 4
github.com/itp/pkg/tls/config.go:19.16,21.3 1 2
github.com/itp/pkg/tls/config.go:23.2,24.16 2 2
github.com/itp/pkg/tls/config.go:24.16,26.3 1 1
github.com/itp/pkg/tls/config.go:28.2,29.54 2 1
github.com/itp/pkg/tls/config.go:29.54,31.3 1 0
github.com/itp/pkg/tls/config.go:33.2,37.8 1 1
